  project1Nehe.cpp
c:\users\nspie\source\repos\project1nehe\project1nehe\project1nehe.cpp(172): warning C4244: 'initializing': conversion from 'int' to 'float', possible loss of data
c:\users\nspie\source\repos\project1nehe\project1nehe\project1nehe.cpp(189): warning C4244: '=': conversion from 'int' to 'GLfloat', possible loss of data
c:\users\nspie\source\repos\project1nehe\project1nehe\project1nehe.cpp(190): warning C4244: '=': conversion from 'int' to 'GLfloat', possible loss of data
c:\users\nspie\source\repos\project1nehe\project1nehe\project1nehe.cpp(191): warning C4244: '=': conversion from 'int' to 'GLfloat', possible loss of data
c:\users\nspie\source\repos\project1nehe\project1nehe\project1nehe.cpp(196): warning C4244: '=': conversion from 'GLfloat' to 'int', possible loss of data
c:\users\nspie\source\repos\project1nehe\project1nehe\project1nehe.cpp(199): warning C4244: '=': conversion from 'GLfloat' to 'int', possible loss of data
c:\users\nspie\source\repos\project1nehe\project1nehe\project1nehe.cpp(201): warning C4244: '=': conversion from 'GLfloat' to 'int', possible loss of data
c:\users\nspie\source\repos\project1nehe\project1nehe\project1nehe.cpp(219): warning C4267: 'argument': conversion from 'size_t' to 'int', possible loss of data
c:\users\nspie\source\repos\project1nehe\project1nehe\project1nehe.cpp(257): warning C4267: '=': conversion from 'size_t' to 'int', possible loss of data
c:\users\nspie\source\repos\project1nehe\project1nehe\project1nehe.cpp(348): warning C4553: '==': result of expression not used; did you intend '='?
c:\users\nspie\source\repos\project1nehe\project1nehe\project1nehe.cpp(360): warning C4553: '==': result of expression not used; did you intend '='?
c:\users\nspie\source\repos\project1nehe\project1nehe\project1nehe.cpp(372): warning C4553: '==': result of expression not used; did you intend '='?
c:\users\nspie\source\repos\project1nehe\project1nehe\project1nehe.cpp(387): warning C4553: '==': result of expression not used; did you intend '='?
c:\users\nspie\source\repos\project1nehe\project1nehe\project1nehe.cpp(398): warning C4553: '==': result of expression not used; did you intend '='?
c:\users\nspie\source\repos\project1nehe\project1nehe\project1nehe.cpp(408): warning C4553: '==': result of expression not used; did you intend '='?
c:\users\nspie\source\repos\project1nehe\project1nehe\project1nehe.cpp(514): warning C4244: 'argument': conversion from 'GLint' to 'GLfloat', possible loss of data
c:\users\nspie\source\repos\project1nehe\project1nehe\project1nehe.cpp(515): warning C4244: 'argument': conversion from 'GLint' to 'GLfloat', possible loss of data
c:\users\nspie\source\repos\project1nehe\project1nehe\project1nehe.cpp(516): warning C4244: 'argument': conversion from 'GLint' to 'GLfloat', possible loss of data
c:\users\nspie\source\repos\project1nehe\project1nehe\project1nehe.cpp(521): warning C4244: 'argument': conversion from 'GLint' to 'GLfloat', possible loss of data
c:\users\nspie\source\repos\project1nehe\project1nehe\project1nehe.cpp(522): warning C4244: 'argument': conversion from 'GLint' to 'GLfloat', possible loss of data
c:\users\nspie\source\repos\project1nehe\project1nehe\project1nehe.cpp(523): warning C4244: 'argument': conversion from 'GLint' to 'GLfloat', possible loss of data
c:\users\nspie\source\repos\project1nehe\project1nehe\project1nehe.cpp(527): warning C4244: 'argument': conversion from 'GLint' to 'GLfloat', possible loss of data
c:\users\nspie\source\repos\project1nehe\project1nehe\project1nehe.cpp(529): warning C4244: 'argument': conversion from 'GLint' to 'GLfloat', possible loss of data
c:\users\nspie\source\repos\project1nehe\project1nehe\project1nehe.cpp(531): warning C4244: 'argument': conversion from 'GLint' to 'GLfloat', possible loss of data
c:\users\nspie\source\repos\project1nehe\project1nehe\project1nehe.cpp(547): warning C4244: 'argument': conversion from 'GLint' to 'GLfloat', possible loss of data
c:\users\nspie\source\repos\project1nehe\project1nehe\project1nehe.cpp(548): warning C4244: 'argument': conversion from 'GLint' to 'GLfloat', possible loss of data
c:\users\nspie\source\repos\project1nehe\project1nehe\project1nehe.cpp(549): warning C4244: 'argument': conversion from 'GLint' to 'GLfloat', possible loss of data
c:\users\nspie\source\repos\project1nehe\project1nehe\project1nehe.cpp(842): warning C4838: conversion from 'int' to 'BYTE' requires a narrowing conversion
c:\users\nspie\source\repos\project1nehe\project1nehe\project1nehe.cpp(1107): warning C4267: '=': conversion from 'size_t' to 'int', possible loss of data
c:\users\nspie\source\repos\project1nehe\project1nehe\project1nehe.cpp(1116): warning C4267: '=': conversion from 'size_t' to 'int', possible loss of data
c:\users\nspie\source\repos\project1nehe\project1nehe\project1nehe.cpp(1140): warning C4244: 'return': conversion from 'WPARAM' to 'int', possible loss of data
c:\users\nspie\source\repos\project1nehe\project1nehe\project1nehe.cpp(329): warning C4715: 'bfs': not all control paths return a value
  project1Nehe.vcxproj -> C:\Users\nspie\source\repos\project1Nehe\x64\Debug\project1Nehe.exe
